2024-01-15 10:30:00,001 INFO  [main] Application starting up
2024-01-15 10:30:00,050 DEBUG [config] Loading configuration from /etc/app/config.yaml
2024-01-15 10:30:00,100 INFO  [database] Connecting to PostgreSQL at 192.168.1.100:5432
2024-01-15 10:30:00,500 INFO  [database] Connection established
2024-01-15 10:30:01,000 INFO  [api] HTTP server listening on 0.0.0.0:8080
2024-01-15 10:30:05,123 INFO  [api] GET /health - 200 OK (2ms)
2024-01-15 10:30:10,456 INFO  [api] POST /api/users - 201 Created (45ms)
2024-01-15 10:30:15,789 WARN  [memory] Memory usage at 75%
2024-01-15 10:30:20,111 ERROR [database] Connection to 192.168.1.100:5432 refused after 5000ms
java.net.ConnectException: Connection refused
    at java.net.PlainSocketImpl.socketConnect(Native Method)
    at java.net.AbstractPlainSocketImpl.doConnect(AbstractPlainSocketImpl.java:350)
    at com.app.db.ConnectionPool.getConnection(ConnectionPool.java:142)
    at com.app.service.UserService.findById(UserService.java:67)
2024-01-15 10:30:20,500 INFO  [database] Retrying connection (attempt 1/3)
2024-01-15 10:30:25,600 ERROR [database] Connection to 192.168.1.100:5432 refused after 5000ms
java.net.ConnectException: Connection refused
    at java.net.PlainSocketImpl.socketConnect(Native Method)
    at java.net.AbstractPlainSocketImpl.doConnect(AbstractPlainSocketImpl.java:350)
    at com.app.db.ConnectionPool.getConnection(ConnectionPool.java:142)
2024-01-15 10:30:25,700 INFO  [database] Retrying connection (attempt 2/3)
2024-01-15 10:30:30,800 ERROR [database] Connection to 192.168.1.100:5432 refused after 5000ms
2024-01-15 10:30:30,850 FATAL [database] All connection attempts failed - database unavailable
2024-01-15 10:30:31,000 ERROR [api] Request 550e8400-e29b-41d4-a716-446655440000 failed
com.app.exception.ServiceUnavailableException: Database connection unavailable
    at com.app.service.UserService.findById(UserService.java:72)
    at com.app.controller.UserController.getUser(UserController.java:35)
    at sun.reflect.NativeMethodAccessorImpl.invoke0(Native Method)
2024-01-15 10:30:31,100 ERROR [api] Request 660e8400-e29b-41d4-a716-446655440001 failed
com.app.exception.ServiceUnavailableException: Database connection unavailable
    at com.app.service.UserService.findById(UserService.java:72)
    at com.app.controller.UserController.getUser(UserController.java:35)
2024-01-15 10:30:31,200 ERROR [api] Request 770e8400-e29b-41d4-a716-446655440002 failed
com.app.exception.ServiceUnavailableException: Database connection unavailable
2024-01-15 10:30:32,000 WARN  [circuit-breaker] Circuit breaker OPEN for database service
2024-01-15 10:30:35,000 INFO  [health] Health check failed - marking unhealthy
2024-01-15 10:30:40,000 ERROR [scheduler] Scheduled job user-sync-job failed
java.lang.IllegalStateException: Cannot execute job while database is unavailable
    at com.app.scheduler.UserSyncJob.execute(UserSyncJob.java:28)
    at org.quartz.core.JobRunShell.run(JobRunShell.java:202)
2024-01-15 10:30:45,000 INFO  [database] Database connection restored
2024-01-15 10:30:45,500 INFO  [circuit-breaker] Circuit breaker CLOSED for database service
2024-01-15 10:30:50,000 INFO  [api] GET /api/users/123 - 200 OK (12ms)
2024-01-15 10:30:55,000 WARN  [rate-limiter] Rate limit exceeded for IP 203.0.113.50 - throttling
2024-01-15 10:31:00,000 ERROR [auth] Authentication failed for user admin@example.com from 203.0.113.50
2024-01-15 10:31:05,000 ERROR [auth] Authentication failed for user admin@example.com from 203.0.113.50
2024-01-15 10:31:10,000 ERROR [auth] Authentication failed for user admin@example.com from 203.0.113.50
2024-01-15 10:31:15,000 WARN  [security] Potential brute force attack detected from 203.0.113.50
2024-01-15 10:31:20,000 INFO  [security] IP 203.0.113.50 blocked for 15 minutes
2024-01-15 10:32:00,000 ERROR [payment] Payment processing failed for order ORD-2024-001234
com.stripe.exception.CardException: Your card was declined
    at com.stripe.model.Charge.create(Charge.java:156)
    at com.app.service.PaymentService.processPayment(PaymentService.java:89)
2024-01-15 10:32:30,000 ERROR [payment] Payment processing failed for order ORD-2024-001235
com.stripe.exception.CardException: Your card was declined
    at com.stripe.model.Charge.create(Charge.java:156)
2024-01-15 10:33:00,000 INFO  [metrics] Processed 1,000 requests in the last minute
2024-01-15 10:33:00,100 INFO  [metrics] Average response time: 45ms
2024-01-15 10:33:00,200 INFO  [metrics] Error rate: 2.5%
2024-01-15 10:34:00,000 WARN  [memory] Memory usage at 85%
2024-01-15 10:35:00,000 ERROR [memory] OutOfMemoryError: Java heap space
java.lang.OutOfMemoryError: Java heap space
    at java.util.Arrays.copyOf(Arrays.java:3236)
    at java.util.ArrayList.grow(ArrayList.java:265)
    at com.app.cache.LRUCache.put(LRUCache.java:112)
2024-01-15 10:35:00,500 FATAL [app] Application shutting down due to memory exhaustion
